<?xml version="1.0" encoding="UTF-8"?>
<!-- Generated by org.testng.reporters.JUnitXMLReporter -->
<testsuite ignored="0" hostname="DESKTOP-389V0DD" failures="1" tests="4" name="Surefire test" time="14.081" errors="0" timestamp="2024-12-17T13:37:54 PST">
  <testcase classname="com.PageObjects.TestCases.ContactUsTest" name="verifyTheactualPagetitle" time="4.637">
    <failure type="java.lang.AssertionError" message="expected [Contact Us â€” Get In Touch] but found [Contact Us — Get In Touch]">
      <![CDATA[java.lang.AssertionError: expected [Contact Us â€” Get In Touch] but found [Contact Us — Get In Touch]
at com.PageObjects.TestCases.ContactUsTest.verifyTheactualPagetitle(ContactUsTest.java:26)
at java.base/java.util.ArrayList.forEach(ArrayList.java:1507)
... Removed 38 stack frames]]>
    </failure>
  </testcase> <!-- verifyTheactualPagetitle -->
  <testcase classname="com.PageObjects.TestCases.ContactUsTest" name="verifyPagetitlecontainsSpecificvalue" time="0.445"/>
  <testcase classname="com.PageObjects.TestCases.ContactUsTest" name="verifyBodytitle" time="1.023"/>
  <testcase classname="com.PageObjects.TestCases.ContactUsTest" name="verifyContactformIssubmitted" time="3.881"/>
</testsuite> <!-- Surefire test -->
